
[INFO] 2024-09-28 11:49:47: serving '/'
		Uri: http://mtg.clumsykibty.gay/
		Request-Method: 'GET'
		Controller: 'App\Controllers\IndexController'
		Controller-Method: 'index'
		File: file:////var/www/app/controllers/IndexController.php
[INFO] 2024-09-28 11:49:47: execution time: 935ms

[INFO] 2024-09-28 14:22:06: serving '/'
		Uri: http://mtg.clumsykibty.gay/
		Request-Method: 'GET'
		Controller: 'App\Controllers\IndexController'
		Controller-Method: 'index'
		File: file:////var/www/app/controllers/IndexController.php
[INFO] 2024-09-28 14:22:06: execution time: 924ms

[INFO] 2024-09-28 16:29:17: serving '/'
		Uri: http://mtg.clumsykibty.gay/
		Request-Method: 'GET'
		Controller: 'App\Controllers\IndexController'
		Controller-Method: 'index'
		File: file:////var/www/app/controllers/IndexController.php
[INFO] 2024-09-28 16:29:18: execution time: 283ms

[INFO] 2024-09-28 16:29:22: serving '/'
		Uri: http://mtg.clumsykibty.gay/
		Request-Method: 'GET'
		Controller: 'App\Controllers\IndexController'
		Controller-Method: 'index'
		File: file:////var/www/app/controllers/IndexController.php
[INFO] 2024-09-28 16:29:22: execution time: 284ms
