
[INFO] 2024-09-23 13:42:25: serving '/'
		Uri: https://meow.test/
		Request-Method: 'GET'
		Controller: 'App\Controllers\IndexController'
		Controller-Method: 'index'
		File: file:////var/www/app/controllers/IndexController.php
[INFO] 2024-09-23 13:42:25: execution time: 1742ms

[INFO] 2024-09-23 13:42:52: serving '/draw'
		Uri: https://meow.test/draw
		Request-Method: 'GET'
		Controller: 'App\Controllers\IndexController'
		Controller-Method: 'draw'
		File: file:////var/www/app/controllers/IndexController.php
[INFO] 2024-09-23 13:42:52: execution time: 302ms

[INFO] 2024-09-23 13:52:14: WebSocket Server Started with 1 route(s) on port 8008

[INFO] 2024-09-23 13:52:15: serving '/'
		Uri: https://meow.test/
		Request-Method: 'GET'
		Controller: 'App\Controllers\IndexController'
		Controller-Method: 'index'
		File: file:////var/www/app/controllers/IndexController.php
[INFO] 2024-09-23 13:52:15: execution time: 378ms

[INFO] 2024-09-23 13:52:17: serving '/'
		Uri: https://meow.test/
		Request-Method: 'GET'
		Controller: 'App\Controllers\IndexController'
		Controller-Method: 'index'
		File: file:////var/www/app/controllers/IndexController.php
[INFO] 2024-09-23 13:52:17: execution time: 304ms

[INFO] 2024-09-23 13:52:19: serving '/draw'
		Uri: https://meow.test/draw
		Request-Method: 'GET'
		Controller: 'App\Controllers\IndexController'
		Controller-Method: 'draw'
		File: file:////var/www/app/controllers/IndexController.php
[INFO] 2024-09-23 13:52:19: execution time: 291ms

[INFO] 2024-09-23 13:52:30: serving '/draw'
		Uri: https://meow.test/draw
		Request-Method: 'GET'
		Controller: 'App\Controllers\IndexController'
		Controller-Method: 'draw'
		File: file:////var/www/app/controllers/IndexController.php
[INFO] 2024-09-23 13:52:30: execution time: 137ms

[INFO] 2024-09-23 13:52:32: serving '/draw'
		Uri: https://meow.test/draw
		Request-Method: 'GET'
		Controller: 'App\Controllers\IndexController'
		Controller-Method: 'draw'
		File: file:////var/www/app/controllers/IndexController.php
[INFO] 2024-09-23 13:52:32: execution time: 123ms

[INFO] 2024-09-23 13:52:41: serving '/draw'
		Uri: https://meow.test/draw
		Request-Method: 'GET'
		Controller: 'App\Controllers\IndexController'
		Controller-Method: 'draw'
		File: file:////var/www/app/controllers/IndexController.php
[INFO] 2024-09-23 13:52:41: execution time: 152ms

[INFO] 2024-09-23 13:53:09: serving '/'
		Uri: https://meow.test/
		Request-Method: 'GET'
		Controller: 'App\Controllers\IndexController'
		Controller-Method: 'index'
		File: file:////var/www/app/controllers/IndexController.php
[INFO] 2024-09-23 13:53:10: execution time: 190ms

[INFO] 2024-09-23 13:53:14: serving '/reset'
		Uri: https://meow.test/reset
		Request-Method: 'GET'
		Controller: 'App\Controllers\IndexController'
		Controller-Method: 'reset'
		HTMX-Request
		File: file:////var/www/app/controllers/IndexController.php
[INFO] 2024-09-23 13:53:14: execution time: 123ms

[INFO] 2024-09-23 13:53:15: serving '/shuffle'
		Uri: https://meow.test/shuffle
		Request-Method: 'GET'
		Controller: 'App\Controllers\IndexController'
		Controller-Method: 'shuffle'
		HTMX-Request
		File: file:////var/www/app/controllers/IndexController.php
[INFO] 2024-09-23 13:53:15: execution time: 142ms

[INFO] 2024-09-23 13:53:15: serving '/draw'
		Uri: https://meow.test/draw
		Request-Method: 'GET'
		Controller: 'App\Controllers\IndexController'
		Controller-Method: 'draw'
		File: file:////var/www/app/controllers/IndexController.php
[INFO] 2024-09-23 13:53:15: execution time: 145ms

[INFO] 2024-09-23 13:53:21: serving '/shuffle'
		Uri: https://meow.test/shuffle
		Request-Method: 'GET'
		Controller: 'App\Controllers\IndexController'
		Controller-Method: 'shuffle'
		HTMX-Request
		File: file:////var/www/app/controllers/IndexController.php
[INFO] 2024-09-23 13:53:21: execution time: 113ms

[INFO] 2024-09-23 13:53:23: serving '/draw'
		Uri: https://meow.test/draw
		Request-Method: 'GET'
		Controller: 'App\Controllers\IndexController'
		Controller-Method: 'draw'
		File: file:////var/www/app/controllers/IndexController.php
[INFO] 2024-09-23 13:53:23: execution time: 136ms

[INFO] 2024-09-23 13:53:24: serving '/draw'
		Uri: https://meow.test/draw
		Request-Method: 'GET'
		Controller: 'App\Controllers\IndexController'
		Controller-Method: 'draw'
		File: file:////var/www/app/controllers/IndexController.php
[INFO] 2024-09-23 13:53:24: execution time: 135ms

[INFO] 2024-09-23 13:53:24: serving '/draw'
		Uri: https://meow.test/draw
		Request-Method: 'GET'
		Controller: 'App\Controllers\IndexController'
		Controller-Method: 'draw'
		File: file:////var/www/app/controllers/IndexController.php
[INFO] 2024-09-23 13:53:24: execution time: 120ms

[INFO] 2024-09-23 13:53:45: serving '/draw'
		Uri: https://meow.test/draw
		Request-Method: 'GET'
		Controller: 'App\Controllers\IndexController'
		Controller-Method: 'draw'
		File: file:////var/www/app/controllers/IndexController.php
[INFO] 2024-09-23 13:53:45: execution time: 142ms

[INFO] 2024-09-23 13:55:39: serving '/readdeck'
		Uri: https://meow.test/readdeck
		Request-Method: 'POST'
		Controller: 'App\Controllers\IndexController'
		Controller-Method: 'read_deck'
		File: file:////var/www/app/controllers/IndexController.php
[INFO] 2024-09-23 13:55:41: execution time: 1992ms

[INFO] 2024-09-23 13:55:42: serving '/draw'
		Uri: https://meow.test/draw
		Request-Method: 'GET'
		Controller: 'App\Controllers\IndexController'
		Controller-Method: 'draw'
		File: file:////var/www/app/controllers/IndexController.php
[INFO] 2024-09-23 13:55:42: execution time: 267ms

[INFO] 2024-09-23 14:34:08: serving '/'
		Uri: https://meow.test/
		Request-Method: 'GET'
		Controller: 'App\Controllers\IndexController'
		Controller-Method: 'index'
		File: file:////var/www/app/controllers/IndexController.php
[INFO] 2024-09-23 14:34:08: execution time: 348ms

[INFO] 2024-09-23 14:34:24: serving '/'
		Uri: https://meow.test/
		Request-Method: 'GET'
		Controller: 'App\Controllers\IndexController'
		Controller-Method: 'index'
		File: file:////var/www/app/controllers/IndexController.php
[INFO] 2024-09-23 14:34:24: execution time: 356ms

[INFO] 2024-09-23 14:34:35: serving '/'
		Uri: https://meow.test/
		Request-Method: 'GET'
		Controller: 'App\Controllers\IndexController'
		Controller-Method: 'index'
		File: file:////var/www/app/controllers/IndexController.php
[INFO] 2024-09-23 14:34:35: execution time: 348ms

[INFO] 2024-09-23 14:34:45: serving '/'
		Uri: https://meow.test/
		Request-Method: 'GET'
		Controller: 'App\Controllers\IndexController'
		Controller-Method: 'index'
		File: file:////var/www/app/controllers/IndexController.php
[INFO] 2024-09-23 14:34:46: execution time: 200ms

[INFO] 2024-09-23 14:35:02: serving '/'
		Uri: https://meow.test/
		Request-Method: 'GET'
		Controller: 'App\Controllers\IndexController'
		Controller-Method: 'index'
		File: file:////var/www/app/controllers/IndexController.php
[INFO] 2024-09-23 14:35:02: execution time: 206ms

[INFO] 2024-09-23 14:35:27: serving '/'
		Uri: https://meow.test/
		Request-Method: 'GET'
		Controller: 'App\Controllers\IndexController'
		Controller-Method: 'index'
		File: file:////var/www/app/controllers/IndexController.php
[INFO] 2024-09-23 14:35:27: execution time: 205ms

[INFO] 2024-09-23 15:58:54: serving '/'
		Uri: https://meow.test/
		Request-Method: 'GET'
		Controller: 'App\Controllers\IndexController'
		Controller-Method: 'index'
		File: file:////var/www/app/controllers/IndexController.php
[INFO] 2024-09-23 15:58:54: execution time: 488ms

[INFO] 2024-09-23 16:23:39: serving '/'
		Uri: https://meow.test/
		Request-Method: 'GET'
		Controller: 'App\Controllers\IndexController'
		Controller-Method: 'index'
		File: file:////var/www/app/controllers/IndexController.php
[INFO] 2024-09-23 16:23:39: execution time: 531ms

[INFO] 2024-09-23 16:23:42: serving '/'
		Uri: https://meow.test/
		Request-Method: 'GET'
		Controller: 'App\Controllers\IndexController'
		Controller-Method: 'index'
		File: file:////var/www/app/controllers/IndexController.php
[INFO] 2024-09-23 16:23:42: execution time: 433ms

[INFO] 2024-09-23 16:25:12: serving '/'
		Uri: https://meow.test/
		Request-Method: 'GET'
		Controller: 'App\Controllers\IndexController'
		Controller-Method: 'index'
		File: file:////var/www/app/controllers/IndexController.php
[INFO] 2024-09-23 16:25:12: execution time: 423ms

[INFO] 2024-09-23 16:25:14: serving '/'
		Uri: https://meow.test/
		Request-Method: 'GET'
		Controller: 'App\Controllers\IndexController'
		Controller-Method: 'index'
		File: file:////var/www/app/controllers/IndexController.php
[INFO] 2024-09-23 16:25:14: execution time: 236ms

[INFO] 2024-09-23 16:25:27: serving '/'
		Uri: https://meow.test/
		Request-Method: 'GET'
		Controller: 'App\Controllers\IndexController'
		Controller-Method: 'index'
		File: file:////var/www/app/controllers/IndexController.php
[INFO] 2024-09-23 16:25:27: execution time: 236ms

[INFO] 2024-09-23 16:26:54: serving '/'
		Uri: https://meow.test/
		Request-Method: 'GET'
		Controller: 'App\Controllers\IndexController'
		Controller-Method: 'index'
		File: file:////var/www/app/controllers/IndexController.php
[INFO] 2024-09-23 16:26:54: execution time: 232ms

[INFO] 2024-09-23 16:27:26: serving '/'
		Uri: https://meow.test/
		Request-Method: 'GET'
		Controller: 'App\Controllers\IndexController'
		Controller-Method: 'index'
		File: file:////var/www/app/controllers/IndexController.php
[INFO] 2024-09-23 16:27:26: execution time: 532ms

[INFO] 2024-09-23 16:27:29: serving '/'
		Uri: https://meow.test/
		Request-Method: 'GET'
		Controller: 'App\Controllers\IndexController'
		Controller-Method: 'index'
		File: file:////var/www/app/controllers/IndexController.php
[INFO] 2024-09-23 16:27:29: execution time: 394ms
