
[INFO] 2024-09-29 03:32:20: serving '/'
		Uri: http://mtg.clumsykibty.gay/
		Request-Method: 'GET'
		Controller: 'App\Controllers\IndexController'
		Controller-Method: 'index'
		File: file:////var/www/app/controllers/IndexController.php
[INFO] 2024-09-29 03:32:20: execution time: 917ms

[INFO] 2024-09-29 03:32:28: serving '/draw'
		Uri: http://mtg.clumsykibty.gay/draw
		Request-Method: 'GET'
		Controller: 'App\Controllers\IndexController'
		Controller-Method: 'draw'
		File: file:////var/www/app/controllers/IndexController.php
[INFO] 2024-09-29 03:32:28: execution time: 229ms

[INFO] 2024-09-29 03:32:31: serving '/shuffle'
		Uri: http://mtg.clumsykibty.gay/shuffle
		Request-Method: 'GET'
		Controller: 'App\Controllers\IndexController'
		Controller-Method: 'shuffle'
		HTMX-Request
		File: file:////var/www/app/controllers/IndexController.php
[INFO] 2024-09-29 03:32:31: execution time: 119ms

[INFO] 2024-09-29 03:32:36: serving '/search'
		Uri: http://mtg.clumsykibty.gay/search
		Request-Method: 'GET'
		Controller: 'App\Controllers\IndexController'
		Controller-Method: 'search'
		HTMX-Request
		File: file:////var/www/app/controllers/IndexController.php
[ERROR] 2024-09-29 03:32:36: \{2\} at /var/www/app/controllers/IndexController.php:315 - foreach() argument must be of type array|object, null given
[INFO] 2024-09-29 03:32:36: execution time: 137ms

[INFO] 2024-09-29 10:54:53: serving '/'
		Uri: http://mtg.clumsykibty.gay/
		Request-Method: 'GET'
		Controller: 'App\Controllers\IndexController'
		Controller-Method: 'index'
		File: file:////var/www/app/controllers/IndexController.php
[INFO] 2024-09-29 10:54:53: execution time: 300ms

[INFO] 2024-09-29 12:25:41: serving '/'
		Uri: http://mtg.clumsykibty.gay/
		Request-Method: 'GET'
		Controller: 'App\Controllers\IndexController'
		Controller-Method: 'index'
		File: file:////var/www/app/controllers/IndexController.php
[INFO] 2024-09-29 12:25:42: execution time: 283ms
